Start testing: Feb 29 14:12 +07
----------------------------------------------------------
1/1 Testing: TARGET
1/1 Test: TARGET
Command: "/mnt/d/Загрузки/OOP-main/BitArray/build/tests/tests"
Directory: /mnt/d/Загрузки/OOP-main/BitArray/build/tests
"TARGET" start time: Feb 29 14:12 +07
Output:
----------------------------------------------------------
[==========] Running 1 test from 1 test suite.
[----------] Global test environment set-up.
[----------] 1 test from Array
[ RUN      ] Array.Main
[       OK ] Array.Main (0 ms)
[----------] 1 test from Array (0 ms total)

[----------] Global test environment tear-down
[==========] 1 test from 1 test suite ran. (0 ms total)
[  PASSED  ] 1 test.
<end of output>
Test time =   0.05 sec
----------------------------------------------------------
Test Passed.
"TARGET" end time: Feb 29 14:12 +07
"TARGET" time elapsed: 00:00:00
----------------------------------------------------------

End testing: Feb 29 14:12 +07
